# JRE version: Java(TM) SE Runtime Environment (8.0_66-b18) (build 1.8.0_66-b18)
# Java VM: Java HotSpot(TM) Client VM (25.66-b18 mixed mode windows-x86 )
Heap:
 def new generation   total 16128K, used 9182K [0x04400000, 0x05580000, 0x09950000)
  eden space 14336K,  64% used [0x04400000, 0x04cf6478, 0x05200000)
  from space 1792K,   0% used [0x05200000, 0x05201770, 0x053c0000)
  to   space 1792K,   0% used [0x053c0000, 0x053c0000, 0x05580000)
 tenured generation   total 35684K, used 21496K [0x09950000, 0x0bc29000, 0x14400000)
   the space 35684K,  60% used [0x09950000, 0x0ae4e200, 0x0ae4e200, 0x0bc29000)
 Metaspace       used 12016K, capacity 12844K, committed 12928K, reserved 13696K
GC Heap History (10 events):
Event: 49.996 GC heap before
{Heap before GC invocations=56 (full 4):
 def new generation   total 16128K, used 14339K [0x04400000, 0x05580000, 0x09950000)
  eden space 14336K, 100% used [0x04400000, 0x05200000, 0x05200000)
  from space 1792K,   0% used [0x053c0000, 0x053c0c30, 0x05580000)
  to   space 1792K,   0% used [0x05200000, 0x05200000, 0x053c0000)
 tenured generation   total 35684K, used 21496K [0x09950000, 0x0bc29000, 0x14400000)
   the space 35684K,  60% used [0x09950000, 0x0ae4e128, 0x0ae4e200, 0x0bc29000)
 Metaspace       used 12016K, capacity 12844K, committed 12928K, reserved 13696K
Event: 49.997 GC heap after
Heap after GC invocations=57 (full 4):
 def new generation   total 16128K, used 6K [0x04400000, 0x05580000, 0x09950000)
  eden space 14336K,   0% used [0x04400000, 0x04400000, 0x05200000)
  from space 1792K,   0% used [0x05200000, 0x052018b8, 0x053c0000)
  to   space 1792K,   0% used [0x053c0000, 0x053c0000, 0x05580000)
 tenured generation   total 35684K, used 21496K [0x09950000, 0x0bc29000, 0x14400000)
   the space 35684K,  60% used [0x09950000, 0x0ae4e128, 0x0ae4e200, 0x0bc29000)
 Metaspace       used 12016K, capacity 12844K, committed 12928K, reserved 13696K
}
Event: 50.763 GC heap before
{Heap before GC invocations=57 (full 4):
 def new generation   total 16128K, used 14342K [0x04400000, 0x05580000, 0x09950000)
  eden space 14336K, 100% used [0x04400000, 0x05200000, 0x05200000)
  from space 1792K,   0% used [0x05200000, 0x052018b8, 0x053c0000)
  to   space 1792K,   0% used [0x053c0000, 0x053c0000, 0x05580000)
 tenured generation   total 35684K, used 21496K [0x09950000, 0x0bc29000, 0x14400000)
   the space 35684K,  60% used [0x09950000, 0x0ae4e128, 0x0ae4e200, 0x0bc29000)
 Metaspace       used 12016K, capacity 12844K, committed 12928K, reserved 13696K
Event: 50.764 GC heap after
Heap after GC invocations=58 (full 4):
 def new generation   total 16128K, used 6K [0x04400000, 0x05580000, 0x09950000)
  eden space 14336K,   0% used [0x04400000, 0x04400000, 0x05200000)
  from space 1792K,   0% used [0x053c0000, 0x053c1900, 0x05580000)
  to   space 1792K,   0% used [0x05200000, 0x05200000, 0x053c0000)
 tenured generation   total 35684K, used 21496K [0x09950000, 0x0bc29000, 0x14400000)
   the space 35684K,  60% used [0x09950000, 0x0ae4e128, 0x0ae4e200, 0x0bc29000)
 Metaspace       used 12016K, capacity 12844K, committed 12928K, reserved 13696K
}
Event: 51.530 GC heap before
{Heap before GC invocations=58 (full 4):
 def new generation   total 16128K, used 14342K [0x04400000, 0x05580000, 0x09950000)
  eden space 14336K, 100% used [0x04400000, 0x05200000, 0x05200000)
  from space 1792K,   0% used [0x053c0000, 0x053c1900, 0x05580000)
  to   space 1792K,   0% used [0x05200000, 0x05200000, 0x053c0000)
 tenured generation   total 35684K, used 21496K [0x09950000, 0x0bc29000, 0x14400000)
   the space 35684K,  60% used [0x09950000, 0x0ae4e128, 0x0ae4e200, 0x0bc29000)
 Metaspace       used 12016K, capacity 12844K, committed 12928K, reserved 13696K
Event: 51.531 GC heap after
Heap after GC invocations=59 (full 4):
 def new generation   total 16128K, used 6K [0x04400000, 0x05580000, 0x09950000)
  eden space 14336K,   0% used [0x04400000, 0x04400000, 0x05200000)
  from space 1792K,   0% used [0x05200000, 0x052018e0, 0x053c0000)
  to   space 1792K,   0% used [0x053c0000, 0x053c0000, 0x05580000)
 tenured generation   total 35684K, used 21496K [0x09950000, 0x0bc29000, 0x14400000)
   the space 35684K,  60% used [0x09950000, 0x0ae4e128, 0x0ae4e200, 0x0bc29000)
 Metaspace       used 12016K, capacity 12844K, committed 12928K, reserved 13696K
}
Event: 52.379 GC heap before
{Heap before GC invocations=59 (full 4):
 def new generation   total 16128K, used 14342K [0x04400000, 0x05580000, 0x09950000)
  eden space 14336K, 100% used [0x04400000, 0x05200000, 0x05200000)
  from space 1792K,   0% used [0x05200000, 0x052018e0, 0x053c0000)
  to   space 1792K,   0% used [0x053c0000, 0x053c0000, 0x05580000)
 tenured generation   total 35684K, used 21496K [0x09950000, 0x0bc29000, 0x14400000)
   the space 35684K,  60% used [0x09950000, 0x0ae4e128, 0x0ae4e200, 0x0bc29000)
 Metaspace       used 12016K, capacity 12844K, committed 12928K, reserved 13696K
Event: 52.380 GC heap after
Heap after GC invocations=60 (full 4):
 def new generation   total 16128K, used 5K [0x04400000, 0x05580000, 0x09950000)
  eden space 14336K,   0% used [0x04400000, 0x04400000, 0x05200000)
  from space 1792K,   0% used [0x053c0000, 0x053c17a0, 0x05580000)
  to   space 1792K,   0% used [0x05200000, 0x05200000, 0x053c0000)
 tenured generation   total 35684K, used 21496K [0x09950000, 0x0bc29000, 0x14400000)
   the space 35684K,  60% used [0x09950000, 0x0ae4e200, 0x0ae4e200, 0x0bc29000)
 Metaspace       used 12016K, capacity 12844K, committed 12928K, reserved 13696K
}
Event: 53.430 GC heap before
{Heap before GC invocations=60 (full 4):
 def new generation   total 16128K, used 14341K [0x04400000, 0x05580000, 0x09950000)
  eden space 14336K, 100% used [0x04400000, 0x05200000, 0x05200000)
  from space 1792K,   0% used [0x053c0000, 0x053c17a0, 0x05580000)
  to   space 1792K,   0% used [0x05200000, 0x05200000, 0x053c0000)
 tenured generation   total 35684K, used 21496K [0x09950000, 0x0bc29000, 0x14400000)
   the space 35684K,  60% used [0x09950000, 0x0ae4e200, 0x0ae4e200, 0x0bc29000)
 Metaspace       used 12016K, capacity 12844K, committed 12928K, reserved 13696K
Event: 53.431 GC heap after
Heap after GC invocations=61 (full 4):
 def new generation   total 16128K, used 5K [0x04400000, 0x05580000, 0x09950000)
  eden space 14336K,   0% used [0x04400000, 0x04400000, 0x05200000)
  from space 1792K,   0% used [0x05200000, 0x05201770, 0x053c0000)
  to   space 1792K,   0% used [0x053c0000, 0x053c0000, 0x05580000)
 tenured generation   total 35684K, used 21496K [0x09950000, 0x0bc29000, 0x14400000)
   the space 35684K,  60% used [0x09950000, 0x0ae4e200, 0x0ae4e200, 0x0bc29000)
 Metaspace       used 12016K, capacity 12844K, committed 12928K, reserved 13696K
}

