# JRE version: Java(TM) SE Runtime Environment (8.0_66-b18) (build 1.8.0_66-b18)
# Java VM: Java HotSpot(TM) Client VM (25.66-b18 mixed mode, sharing windows-x86 )
Heap:
 def new generation   total 16192K, used 1729K [0x04400000, 0x05590000, 0x09950000)
  eden space 14400K,  11% used [0x04400000, 0x045af1c8, 0x05210000)
  from space 1792K,   0% used [0x05210000, 0x052113e8, 0x053d0000)
  to   space 1792K,   0% used [0x053d0000, 0x053d0000, 0x05590000)
 tenured generation   total 35820K, used 21496K [0x09950000, 0x0bc4b000, 0x14400000)
   the space 35820K,  60% used [0x09950000, 0x0ae4e338, 0x0ae4e400, 0x0bc4b000)
 Metaspace       used 7479K, capacity 9064K, committed 9216K, reserved 9600K
GC Heap History (10 events):
Event: 47.527 GC heap before
{Heap before GC invocations=44 (full 4):
 def new generation   total 16192K, used 14402K [0x04400000, 0x05590000, 0x09950000)
  eden space 14400K, 100% used [0x04400000, 0x05210000, 0x05210000)
  from space 1792K,   0% used [0x053d0000, 0x053d0970, 0x05590000)
  to   space 1792K,   0% used [0x05210000, 0x05210000, 0x053d0000)
 tenured generation   total 35820K, used 21496K [0x09950000, 0x0bc4b000, 0x14400000)
   the space 35820K,  60% used [0x09950000, 0x0ae4e220, 0x0ae4e400, 0x0bc4b000)
 Metaspace       used 7479K, capacity 9064K, committed 9216K, reserved 9600K
Event: 47.528 GC heap after
Heap after GC invocations=45 (full 4):
 def new generation   total 16192K, used 2K [0x04400000, 0x05590000, 0x09950000)
  eden space 14400K,   0% used [0x04400000, 0x04400000, 0x05210000)
  from space 1792K,   0% used [0x05210000, 0x05210a68, 0x053d0000)
  to   space 1792K,   0% used [0x053d0000, 0x053d0000, 0x05590000)
 tenured generation   total 35820K, used 21496K [0x09950000, 0x0bc4b000, 0x14400000)
   the space 35820K,  60% used [0x09950000, 0x0ae4e220, 0x0ae4e400, 0x0bc4b000)
 Metaspace       used 7479K, capacity 9064K, committed 9216K, reserved 9600K
}
Event: 49.026 GC heap before
{Heap before GC invocations=45 (full 4):
 def new generation   total 16192K, used 14402K [0x04400000, 0x05590000, 0x09950000)
  eden space 14400K,  99% used [0x04400000, 0x0520ff38, 0x05210000)
  from space 1792K,   0% used [0x05210000, 0x05210a68, 0x053d0000)
  to   space 1792K,   0% used [0x053d0000, 0x053d0000, 0x05590000)
 tenured generation   total 35820K, used 21496K [0x09950000, 0x0bc4b000, 0x14400000)
   the space 35820K,  60% used [0x09950000, 0x0ae4e220, 0x0ae4e400, 0x0bc4b000)
 Metaspace       used 7479K, capacity 9064K, committed 9216K, reserved 9600K
Event: 49.027 GC heap after
Heap after GC invocations=46 (full 4):
 def new generation   total 16192K, used 2K [0x04400000, 0x05590000, 0x09950000)
  eden space 14400K,   0% used [0x04400000, 0x04400000, 0x05210000)
  from space 1792K,   0% used [0x053d0000, 0x053d0960, 0x05590000)
  to   space 1792K,   0% used [0x05210000, 0x05210000, 0x053d0000)
 tenured generation   total 35820K, used 21496K [0x09950000, 0x0bc4b000, 0x14400000)
   the space 35820K,  60% used [0x09950000, 0x0ae4e260, 0x0ae4e400, 0x0bc4b000)
 Metaspace       used 7479K, capacity 9064K, committed 9216K, reserved 9600K
}
Event: 50.508 GC heap before
{Heap before GC invocations=46 (full 4):
 def new generation   total 16192K, used 14402K [0x04400000, 0x05590000, 0x09950000)
  eden space 14400K, 100% used [0x04400000, 0x05210000, 0x05210000)
  from space 1792K,   0% used [0x053d0000, 0x053d0960, 0x05590000)
  to   space 1792K,   0% used [0x05210000, 0x05210000, 0x053d0000)
 tenured generation   total 35820K, used 21496K [0x09950000, 0x0bc4b000, 0x14400000)
   the space 35820K,  60% used [0x09950000, 0x0ae4e260, 0x0ae4e400, 0x0bc4b000)
 Metaspace       used 7479K, capacity 9064K, committed 9216K, reserved 9600K
Event: 50.510 GC heap after
Heap after GC invocations=47 (full 4):
 def new generation   total 16192K, used 2K [0x04400000, 0x05590000, 0x09950000)
  eden space 14400K,   0% used [0x04400000, 0x04400000, 0x05210000)
  from space 1792K,   0% used [0x05210000, 0x05210900, 0x053d0000)
  to   space 1792K,   0% used [0x053d0000, 0x053d0000, 0x05590000)
 tenured generation   total 35820K, used 21496K [0x09950000, 0x0bc4b000, 0x14400000)
   the space 35820K,  60% used [0x09950000, 0x0ae4e260, 0x0ae4e400, 0x0bc4b000)
 Metaspace       used 7479K, capacity 9064K, committed 9216K, reserved 9600K
}
Event: 51.942 GC heap before
{Heap before GC invocations=47 (full 4):
 def new generation   total 16192K, used 14402K [0x04400000, 0x05590000, 0x09950000)
  eden space 14400K, 100% used [0x04400000, 0x05210000, 0x05210000)
  from space 1792K,   0% used [0x05210000, 0x05210900, 0x053d0000)
  to   space 1792K,   0% used [0x053d0000, 0x053d0000, 0x05590000)
 tenured generation   total 35820K, used 21496K [0x09950000, 0x0bc4b000, 0x14400000)
   the space 35820K,  60% used [0x09950000, 0x0ae4e260, 0x0ae4e400, 0x0bc4b000)
 Metaspace       used 7479K, capacity 9064K, committed 9216K, reserved 9600K
Event: 51.943 GC heap after
Heap after GC invocations=48 (full 4):
 def new generation   total 16192K, used 2K [0x04400000, 0x05590000, 0x09950000)
  eden space 14400K,   0% used [0x04400000, 0x04400000, 0x05210000)
  from space 1792K,   0% used [0x053d0000, 0x053d08b8, 0x05590000)
  to   space 1792K,   0% used [0x05210000, 0x05210000, 0x053d0000)
 tenured generation   total 35820K, used 21496K [0x09950000, 0x0bc4b000, 0x14400000)
   the space 35820K,  60% used [0x09950000, 0x0ae4e338, 0x0ae4e400, 0x0bc4b000)
 Metaspace       used 7479K, capacity 9064K, committed 9216K, reserved 9600K
}
Event: 53.674 GC heap before
{Heap before GC invocations=48 (full 4):
 def new generation   total 16192K, used 14402K [0x04400000, 0x05590000, 0x09950000)
  eden space 14400K, 100% used [0x04400000, 0x05210000, 0x05210000)
  from space 1792K,   0% used [0x053d0000, 0x053d08b8, 0x05590000)
  to   space 1792K,   0% used [0x05210000, 0x05210000, 0x053d0000)
 tenured generation   total 35820K, used 21496K [0x09950000, 0x0bc4b000, 0x14400000)
   the space 35820K,  60% used [0x09950000, 0x0ae4e338, 0x0ae4e400, 0x0bc4b000)
 Metaspace       used 7479K, capacity 9064K, committed 9216K, reserved 9600K
Event: 53.675 GC heap after
Heap after GC invocations=49 (full 4):
 def new generation   total 16192K, used 4K [0x04400000, 0x05590000, 0x09950000)
  eden space 14400K,   0% used [0x04400000, 0x04400000, 0x05210000)
  from space 1792K,   0% used [0x05210000, 0x052113e8, 0x053d0000)
  to   space 1792K,   0% used [0x053d0000, 0x053d0000, 0x05590000)
 tenured generation   total 35820K, used 21496K [0x09950000, 0x0bc4b000, 0x14400000)
   the space 35820K,  60% used [0x09950000, 0x0ae4e338, 0x0ae4e400, 0x0bc4b000)
 Metaspace       used 7479K, capacity 9064K, committed 9216K, reserved 9600K
}

